<?xml version="1.0" encoding="UTF-8"?>
<!-- Generated by org.testng.reporters.JUnitReportReporter -->
<testsuite hostname="LAPTOP-T7PI7EN2" failures="0" tests="2" name="testcases.LoginTest" time="0.000" errors="0" timestamp="2024-09-18T19:35:38 IST" skipped="2">
  <testcase classname="testcases.LoginTest" name="validateUserid" time="0.000">
    <skipped/>
  </testcase> <!-- validateUserid -->
  <system-out/>
  <testcase classname="testcases.LoginTest" name="validatePassword" time="0.000">
    <skipped/>
  </testcase> <!-- validatePassword -->
  <system-out/>
</testsuite> <!-- testcases.LoginTest -->
