<?xml version="1.0" encoding="UTF-8"?>
<!-- Generated by org.testng.reporters.JUnitReportReporter -->
<testsuite hostname="LAPTOP-T7PI7EN2" failures="0" tests="1" name="testcases.ForgetTest" time="3.222" errors="0" timestamp="2024-09-18T19:50:09 IST" skipped="0">
  <testcase classname="testcases.ForgetTest" name="forget" time="3.222"/>
  <system-out/>
</testsuite> <!-- testcases.ForgetTest -->
